<?xml version="1.0" encoding="UTF-8"?>
<!-- Generated by org.testng.reporters.JUnitReportReporter -->
<testsuite skipped="0" hostname="Gokul" name="com.nopcommerce.testCases.TC_LoginTest_001" tests="1" failures="0" timestamp="02 Nov 2020 12:56:53 GMT" time="9.681" errors="0">
  <testcase name="loginTest" time="9.681" classname="com.nopcommerce.testCases.TC_LoginTest_001"/>
</testsuite> <!-- com.nopcommerce.testCases.TC_LoginTest_001 -->
